This file contains any messages produced by compilers while
running configure, to aid debugging if configure makes a mistake.

It was created by configure, which was
generated by GNU Autoconf 2.68.  Invocation command line was

  $ ./configure 

## --------- ##
## Platform. ##
## --------- ##

hostname = Mikaels-MacBook-Air.local
uname -m = x86_64
uname -r = 12.2.0
uname -s = Darwin
uname -v = Darwin Kernel Version 12.2.0: Sat Aug 25 00:48:52 PDT 2012; root:xnu-2050.18.24~1/RELEASE_X86_64

/usr/bin/uname -p = i386
/bin/uname -X     = unknown

/bin/arch              = unknown
/usr/bin/arch -k       = unknown
/usr/convex/getsysinfo = unknown
/usr/bin/hostinfo      = Mach kernel version:
	 Darwin Kernel Version 12.2.0: Sat Aug 25 00:48:52 PDT 2012; root:xnu-2050.18.24~1/RELEASE_X86_64
Kernel configured for up to 2 processors.
2 processors are physically available.
2 processors are logically available.
Processor type: i486 (Intel 80486)
Processors active: 0 1
Primary memory available: 4.00 gigabytes
Default processor set: 153 tasks, 744 threads, 2 processors
Load average: 1.45, Mach factor: 0.78
/bin/machine           = unknown
/usr/bin/oslevel       = unknown
/bin/universe          = unknown

PATH: /Library/Frameworks/Python.framework/Versions/Current/bin
PATH: /opt/local/bin
PATH: /opt/local/sbin
PATH: /usr/bin
PATH: /bin
PATH: /usr/sbin
PATH: /sbin
PATH: /usr/local/bin
PATH: /opt/X11/bin
PATH: /Users/mikael/bin
PATH: /usr/local/bin


## ----------- ##
## Core tests. ##
## ----------- ##

configure:2270: checking build system type
configure:2284: result: x86_64-apple-darwin12.2.0
configure:2304: checking host system type
configure:2317: result: x86_64-apple-darwin12.2.0
configure:2358: WARNING: no predefined configuration found for x86_64-apple-darwin12.2.0
configure:2437: checking for gcc
configure:2453: found /usr/bin/gcc
configure:2464: result: gcc
configure:2693: checking for C compiler version
configure:2702: gcc --version >&5
i686-apple-darwin11-llvm-gcc-4.2 (GCC) 4.2.1 (Based on Apple Inc. build 5658) (LLVM build 2336.11.00)
Copyright (C) 2007 Free Software Foundation, Inc.
This is free software; see the source for copying conditions.  There is NO
warranty; not even for MERCHANTABILITY or FITNESS FOR A PARTICULAR PURPOSE.

configure:2713: $? = 0
configure:2702: gcc -v >&5
Using built-in specs.
Target: i686-apple-darwin11
Configured with: /private/var/tmp/llvmgcc42/llvmgcc42-2336.11~67/src/configure --disable-checking --enable-werror --prefix=/Applications/Xcode.app/Contents/Developer/usr/llvm-gcc-4.2 --mandir=/share/man --enable-languages=c,objc,c++,obj-c++ --program-prefix=llvm- --program-transform-name=/^[cg][^.-]*$/s/$/-4.2/ --with-slibdir=/usr/lib --build=i686-apple-darwin11 --enable-llvm=/private/var/tmp/llvmgcc42/llvmgcc42-2336.11~67/dst-llvmCore/Developer/usr/local --program-prefix=i686-apple-darwin11- --host=x86_64-apple-darwin11 --target=i686-apple-darwin11 --with-gxx-include-dir=/usr/include/c++/4.2.1
Thread model: posix
gcc version 4.2.1 (Based on Apple Inc. build 5658) (LLVM build 2336.11.00)
configure:2713: $? = 0
configure:2702: gcc -V >&5
llvm-gcc-4.2: argument to `-V' is missing
configure:2713: $? = 1
configure:2702: gcc -qversion >&5
i686-apple-darwin11-llvm-gcc-4.2: no input files
configure:2713: $? = 1
configure:2733: checking whether the C compiler works
configure:2755: gcc  -I/opt/local/include/ -L/opt/local/lib conftest.c  >&5
configure:2759: $? = 0
configure:2807: result: yes
configure:2810: checking for C compiler default output file name
configure:2812: result: a.out
configure:2818: checking for suffix of executables
configure:2825: gcc -o conftest  -I/opt/local/include/ -L/opt/local/lib conftest.c  >&5
configure:2829: $? = 0
configure:2851: result: 
configure:2873: checking whether we are cross compiling
configure:2881: gcc -o conftest  -I/opt/local/include/ -L/opt/local/lib conftest.c  >&5
configure:2885: $? = 0
configure:2892: ./conftest
configure:2896: $? = 0
configure:2911: result: no
configure:2916: checking for suffix of object files
configure:2938: gcc -c  -I/opt/local/include/ conftest.c >&5
configure:2942: $? = 0
configure:2963: result: o
configure:2967: checking whether we are using the GNU C compiler
configure:2986: gcc -c  -I/opt/local/include/ conftest.c >&5
configure:2986: $? = 0
configure:2995: result: yes
configure:3004: checking whether gcc accepts -g
configure:3024: gcc -c -g -I/opt/local/include/ conftest.c >&5
configure:3024: $? = 0
configure:3065: result: yes
configure:3082: checking for gcc option to accept ISO C89
configure:3146: gcc  -c -g -O2 -I/opt/local/include/ conftest.c >&5
configure:3146: $? = 0
configure:3159: result: none needed
configure:3180: checking for library containing strerror
configure:3211: gcc -o conftest -g -O2 -I/opt/local/include/ -L/opt/local/lib conftest.c  >&5
configure:3211: $? = 0
configure:3228: result: none required
configure:3241: checking how to run the C preprocessor
configure:3272: gcc -E -I/opt/local/include/ conftest.c
configure:3272: $? = 0
configure:3286: gcc -E -I/opt/local/include/ conftest.c
conftest.c:9:28: error: ac_nonexistent.h: No such file or directory
configure:3286: $? = 1
configure: failed program was:
| /* confdefs.h */
| #define PACKAGE_NAME ""
| #define PACKAGE_TARNAME ""
| #define PACKAGE_VERSION ""
| #define PACKAGE_STRING ""
| #define PACKAGE_BUGREPORT ""
| #define PACKAGE_URL ""
| /* end confdefs.h.  */
| #include <ac_nonexistent.h>
configure:3311: result: gcc -E
configure:3331: gcc -E -I/opt/local/include/ conftest.c
configure:3331: $? = 0
configure:3345: gcc -E -I/opt/local/include/ conftest.c
conftest.c:9:28: error: ac_nonexistent.h: No such file or directory
configure:3345: $? = 1
configure: failed program was:
| /* confdefs.h */
| #define PACKAGE_NAME ""
| #define PACKAGE_TARNAME ""
| #define PACKAGE_VERSION ""
| #define PACKAGE_STRING ""
| #define PACKAGE_BUGREPORT ""
| #define PACKAGE_URL ""
| /* end confdefs.h.  */
| #include <ac_nonexistent.h>
configure:3374: checking for grep that handles long lines and -e
configure:3432: result: /usr/bin/grep
configure:3437: checking for egrep
configure:3499: result: /usr/bin/grep -E
configure:3504: checking for ANSI C header files
configure:3524: gcc -c -g -O2 -I/opt/local/include/ conftest.c >&5
configure:3524: $? = 0
configure:3597: gcc -o conftest -g -O2 -I/opt/local/include/ -L/opt/local/lib conftest.c  >&5
configure:3597: $? = 0
configure:3597: ./conftest
configure:3597: $? = 0
configure:3608: result: yes
configure:3621: checking for sys/types.h
configure:3621: gcc -c -g -O2 -I/opt/local/include/ conftest.c >&5
configure:3621: $? = 0
configure:3621: result: yes
configure:3621: checking for sys/stat.h
configure:3621: gcc -c -g -O2 -I/opt/local/include/ conftest.c >&5
configure:3621: $? = 0
configure:3621: result: yes
configure:3621: checking for stdlib.h
configure:3621: gcc -c -g -O2 -I/opt/local/include/ conftest.c >&5
configure:3621: $? = 0
configure:3621: result: yes
configure:3621: checking for string.h
configure:3621: gcc -c -g -O2 -I/opt/local/include/ conftest.c >&5
configure:3621: $? = 0
configure:3621: result: yes
configure:3621: checking for memory.h
configure:3621: gcc -c -g -O2 -I/opt/local/include/ conftest.c >&5
configure:3621: $? = 0
configure:3621: result: yes
configure:3621: checking for strings.h
configure:3621: gcc -c -g -O2 -I/opt/local/include/ conftest.c >&5
configure:3621: $? = 0
configure:3621: result: yes
configure:3621: checking for inttypes.h
configure:3621: gcc -c -g -O2 -I/opt/local/include/ conftest.c >&5
configure:3621: $? = 0
configure:3621: result: yes
configure:3621: checking for stdint.h
configure:3621: gcc -c -g -O2 -I/opt/local/include/ conftest.c >&5
configure:3621: $? = 0
configure:3621: result: yes
configure:3621: checking for unistd.h
configure:3621: gcc -c -g -O2 -I/opt/local/include/ conftest.c >&5
configure:3621: $? = 0
configure:3621: result: yes
configure:3634: checking minix/config.h usability
configure:3634: gcc -c -g -O2 -I/opt/local/include/ conftest.c >&5
conftest.c:52:26: error: minix/config.h: No such file or directory
configure:3634: $? = 1
configure: failed program was:
| /* confdefs.h */
| #define PACKAGE_NAME ""
| #define PACKAGE_TARNAME ""
| #define PACKAGE_VERSION ""
| #define PACKAGE_STRING ""
| #define PACKAGE_BUGREPORT ""
| #define PACKAGE_URL ""
| #define STDC_HEADERS 1
| #define HAVE_SYS_TYPES_H 1
| #define HAVE_SYS_STAT_H 1
| #define HAVE_STDLIB_H 1
| #define HAVE_STRING_H 1
| #define HAVE_MEMORY_H 1
| #define HAVE_STRINGS_H 1
| #define HAVE_INTTYPES_H 1
| #define HAVE_STDINT_H 1
| #define HAVE_UNISTD_H 1
| /* end confdefs.h.  */
| #include <stdio.h>
| #ifdef HAVE_SYS_TYPES_H
| # include <sys/types.h>
| #endif
| #ifdef HAVE_SYS_STAT_H
| # include <sys/stat.h>
| #endif
| #ifdef STDC_HEADERS
| # include <stdlib.h>
| # include <stddef.h>
| #else
| # ifdef HAVE_STDLIB_H
| #  include <stdlib.h>
| # endif
| #endif
| #ifdef HAVE_STRING_H
| # if !defined STDC_HEADERS && defined HAVE_MEMORY_H
| #  include <memory.h>
| # endif
| # include <string.h>
| #endif
| #ifdef HAVE_STRINGS_H
| # include <strings.h>
| #endif
| #ifdef HAVE_INTTYPES_H
| # include <inttypes.h>
| #endif
| #ifdef HAVE_STDINT_H
| # include <stdint.h>
| #endif
| #ifdef HAVE_UNISTD_H
| # include <unistd.h>
| #endif
| #include <minix/config.h>
configure:3634: result: no
configure:3634: checking minix/config.h presence
configure:3634: gcc -E -I/opt/local/include/ conftest.c
conftest.c:19:26: error: minix/config.h: No such file or directory
configure:3634: $? = 1
configure: failed program was:
| /* confdefs.h */
| #define PACKAGE_NAME ""
| #define PACKAGE_TARNAME ""
| #define PACKAGE_VERSION ""
| #define PACKAGE_STRING ""
| #define PACKAGE_BUGREPORT ""
| #define PACKAGE_URL ""
| #define STDC_HEADERS 1
| #define HAVE_SYS_TYPES_H 1
| #define HAVE_SYS_STAT_H 1
| #define HAVE_STDLIB_H 1
| #define HAVE_STRING_H 1
| #define HAVE_MEMORY_H 1
| #define HAVE_STRINGS_H 1
| #define HAVE_INTTYPES_H 1
| #define HAVE_STDINT_H 1
| #define HAVE_UNISTD_H 1
| /* end confdefs.h.  */
| #include <minix/config.h>
configure:3634: result: no
configure:3634: checking for minix/config.h
configure:3634: result: no
configure:3655: checking whether it is safe to define __EXTENSIONS__
configure:3673: gcc -c -g -O2 -I/opt/local/include/ conftest.c >&5
configure:3673: $? = 0
configure:3680: result: yes
configure:3700: checking "for gcc strength-reduce bug"
configure:3719: gcc -o conftest -g -O2 -I/opt/local/include/ -L/opt/local/lib conftest.c  >&5
conftest.c: In function 'main':
conftest.c:30: warning: incompatible implicit declaration of built-in function 'exit'
configure:3719: $? = 0
configure:3719: ./conftest
configure:3719: $? = 0
configure:3729: result: no
configure:3738: checking "for FPU arithmetics type"
configure:3782: gcc -o conftest -g -O2 -I/opt/local/include/ -L/opt/local/lib conftest.c  >&5
conftest.c: In function 'main':
conftest.c:55: warning: incompatible implicit declaration of built-in function 'exit'
configure:3782: $? = 0
configure:3782: ./conftest
configure:3782: $? = 2
configure: program exited with status 2
configure: failed program was:
| /* confdefs.h */
| #define PACKAGE_NAME ""
| #define PACKAGE_TARNAME ""
| #define PACKAGE_VERSION ""
| #define PACKAGE_STRING ""
| #define PACKAGE_BUGREPORT ""
| #define PACKAGE_URL ""
| #define STDC_HEADERS 1
| #define HAVE_SYS_TYPES_H 1
| #define HAVE_SYS_STAT_H 1
| #define HAVE_STDLIB_H 1
| #define HAVE_STRING_H 1
| #define HAVE_MEMORY_H 1
| #define HAVE_STRINGS_H 1
| #define HAVE_INTTYPES_H 1
| #define HAVE_STDINT_H 1
| #define HAVE_UNISTD_H 1
| #define __EXTENSIONS__ 1
| #define _ALL_SOURCE 1
| #define _GNU_SOURCE 1
| #define _POSIX_PTHREAD_SEMANTICS 1
| #define _TANDEM_SOURCE 1
| /* end confdefs.h.  */
| 
| #include <stdio.h>
| #include <string.h>
| 
| #define LOG2EA 0.44269504088896340735992
| #define ACCURACY "%1.4f"
| 
| typedef union {unsigned short s[4]; double d;} XTYPE;
| 
| XTYPE X[] = {
|               {{0,0,0,0}},			    /* Unknown             */
|               {{0x3fdc,0x551d,0x94ae,0x0bf8}}, 	    /* Big endian     IEEE */
|               {{0x0bf8,0x94ae,0x551d,0x3fdc}}, 	    /* Littile endian IEEE */
|               {{0037742,0124354,0122560,0057703}}   /* DEC                 */
|             };
| 
| int main (void)
| {
|     int i; char TMPSTR[1024]; char LOG2EA_STR[80];
|     i = 0;
| 
|     sprintf(LOG2EA_STR, ACCURACY, LOG2EA);
| 
|     for (i=3; i >= 0; i--)
|     {
|       	sprintf(TMPSTR, ACCURACY, X[i].d);
|       	if (strcmp(TMPSTR, LOG2EA_STR) == 0) {
|     	    break;
|       	}
|     }
| 
|     exit(i);
| }
configure:3796: result: Little endian IEEE
configure:3823: checking for a BSD-compatible install
configure:3891: result: /opt/local/bin/ginstall -c
configure:3952: checking for ranlib
configure:3968: found /opt/local/bin/ranlib
configure:3979: result: ranlib
configure:4001: checking whether ln -s works
configure:4005: result: yes
configure:4016: checking for bison
configure:4032: found /opt/local/bin/bison
configure:4043: result: bison -y
configure:4056: checking whether make sets $(MAKE)
configure:4078: result: yes
configure:4088: checking for ANSI C header files
configure:4192: result: yes
configure:4200: checking for sys/wait.h that is POSIX.1 compatible
configure:4226: gcc -c -g -O2 -I/opt/local/include/ conftest.c >&5
configure:4226: $? = 0
configure:4233: result: yes
configure:4244: checking fcntl.h usability
configure:4244: gcc -c -g -O2 -I/opt/local/include/ conftest.c >&5
configure:4244: $? = 0
configure:4244: result: yes
configure:4244: checking fcntl.h presence
configure:4244: gcc -E -I/opt/local/include/ conftest.c
configure:4244: $? = 0
configure:4244: result: yes
configure:4244: checking for fcntl.h
configure:4244: result: yes
configure:4244: checking for unistd.h
configure:4244: result: yes
configure:4255: checking for an ANSI C-conforming const
configure:4320: gcc -c -g -O2 -I/opt/local/include/ conftest.c >&5
configure:4320: $? = 0
configure:4327: result: yes
configure:4335: checking for pid_t
configure:4335: gcc -c -g -O2 -I/opt/local/include/ conftest.c >&5
configure:4335: $? = 0
configure:4335: gcc -c -g -O2 -I/opt/local/include/ conftest.c >&5
conftest.c: In function 'main':
conftest.c:65: error: expected expression before ')' token
configure:4335: $? = 1
configure: failed program was:
| /* confdefs.h */
| #define PACKAGE_NAME ""
| #define PACKAGE_TARNAME ""
| #define PACKAGE_VERSION ""
| #define PACKAGE_STRING ""
| #define PACKAGE_BUGREPORT ""
| #define PACKAGE_URL ""
| #define STDC_HEADERS 1
| #define HAVE_SYS_TYPES_H 1
| #define HAVE_SYS_STAT_H 1
| #define HAVE_STDLIB_H 1
| #define HAVE_STRING_H 1
| #define HAVE_MEMORY_H 1
| #define HAVE_STRINGS_H 1
| #define HAVE_INTTYPES_H 1
| #define HAVE_STDINT_H 1
| #define HAVE_UNISTD_H 1
| #define __EXTENSIONS__ 1
| #define _ALL_SOURCE 1
| #define _GNU_SOURCE 1
| #define _POSIX_PTHREAD_SEMANTICS 1
| #define _TANDEM_SOURCE 1
| #define HAVE_LIEEE_FPU 1
| #define STDC_HEADERS 1
| #define HAVE_SYS_WAIT_H 1
| #define HAVE_FCNTL_H 1
| #define HAVE_UNISTD_H 1
| /* end confdefs.h.  */
| #include <stdio.h>
| #ifdef HAVE_SYS_TYPES_H
| # include <sys/types.h>
| #endif
| #ifdef HAVE_SYS_STAT_H
| # include <sys/stat.h>
| #endif
| #ifdef STDC_HEADERS
| # include <stdlib.h>
| # include <stddef.h>
| #else
| # ifdef HAVE_STDLIB_H
| #  include <stdlib.h>
| # endif
| #endif
| #ifdef HAVE_STRING_H
| # if !defined STDC_HEADERS && defined HAVE_MEMORY_H
| #  include <memory.h>
| # endif
| # include <string.h>
| #endif
| #ifdef HAVE_STRINGS_H
| # include <strings.h>
| #endif
| #ifdef HAVE_INTTYPES_H
| # include <inttypes.h>
| #endif
| #ifdef HAVE_STDINT_H
| # include <stdint.h>
| #endif
| #ifdef HAVE_UNISTD_H
| # include <unistd.h>
| #endif
| int
| main ()
| {
| if (sizeof ((pid_t)))
| 	    return 0;
|   ;
|   return 0;
| }
configure:4335: result: yes
configure:4346: checking for size_t
configure:4346: gcc -c -g -O2 -I/opt/local/include/ conftest.c >&5
configure:4346: $? = 0
configure:4346: gcc -c -g -O2 -I/opt/local/include/ conftest.c >&5
conftest.c: In function 'main':
conftest.c:65: error: expected expression before ')' token
configure:4346: $? = 1
configure: failed program was:
| /* confdefs.h */
| #define PACKAGE_NAME ""
| #define PACKAGE_TARNAME ""
| #define PACKAGE_VERSION ""
| #define PACKAGE_STRING ""
| #define PACKAGE_BUGREPORT ""
| #define PACKAGE_URL ""
| #define STDC_HEADERS 1
| #define HAVE_SYS_TYPES_H 1
| #define HAVE_SYS_STAT_H 1
| #define HAVE_STDLIB_H 1
| #define HAVE_STRING_H 1
| #define HAVE_MEMORY_H 1
| #define HAVE_STRINGS_H 1
| #define HAVE_INTTYPES_H 1
| #define HAVE_STDINT_H 1
| #define HAVE_UNISTD_H 1
| #define __EXTENSIONS__ 1
| #define _ALL_SOURCE 1
| #define _GNU_SOURCE 1
| #define _POSIX_PTHREAD_SEMANTICS 1
| #define _TANDEM_SOURCE 1
| #define HAVE_LIEEE_FPU 1
| #define STDC_HEADERS 1
| #define HAVE_SYS_WAIT_H 1
| #define HAVE_FCNTL_H 1
| #define HAVE_UNISTD_H 1
| /* end confdefs.h.  */
| #include <stdio.h>
| #ifdef HAVE_SYS_TYPES_H
| # include <sys/types.h>
| #endif
| #ifdef HAVE_SYS_STAT_H
| # include <sys/stat.h>
| #endif
| #ifdef STDC_HEADERS
| # include <stdlib.h>
| # include <stddef.h>
| #else
| # ifdef HAVE_STDLIB_H
| #  include <stdlib.h>
| # endif
| #endif
| #ifdef HAVE_STRING_H
| # if !defined STDC_HEADERS && defined HAVE_MEMORY_H
| #  include <memory.h>
| # endif
| # include <string.h>
| #endif
| #ifdef HAVE_STRINGS_H
| # include <strings.h>
| #endif
| #ifdef HAVE_INTTYPES_H
| # include <inttypes.h>
| #endif
| #ifdef HAVE_STDINT_H
| # include <stdint.h>
| #endif
| #ifdef HAVE_UNISTD_H
| # include <unistd.h>
| #endif
| int
| main ()
| {
| if (sizeof ((size_t)))
| 	    return 0;
|   ;
|   return 0;
| }
configure:4346: result: yes
configure:4357: checking whether struct tm is in sys/time.h or time.h
configure:4377: gcc -c -g -O2 -I/opt/local/include/ conftest.c >&5
configure:4377: $? = 0
configure:4384: result: time.h
configure:4393: checking return type of signal handlers
configure:4411: gcc -c -g -O2 -I/opt/local/include/ conftest.c >&5
conftest.c: In function 'main':
conftest.c:35: error: void value not ignored as it ought to be
configure:4411: $? = 1
configure: failed program was:
| /* confdefs.h */
| #define PACKAGE_NAME ""
| #define PACKAGE_TARNAME ""
| #define PACKAGE_VERSION ""
| #define PACKAGE_STRING ""
| #define PACKAGE_BUGREPORT ""
| #define PACKAGE_URL ""
| #define STDC_HEADERS 1
| #define HAVE_SYS_TYPES_H 1
| #define HAVE_SYS_STAT_H 1
| #define HAVE_STDLIB_H 1
| #define HAVE_STRING_H 1
| #define HAVE_MEMORY_H 1
| #define HAVE_STRINGS_H 1
| #define HAVE_INTTYPES_H 1
| #define HAVE_STDINT_H 1
| #define HAVE_UNISTD_H 1
| #define __EXTENSIONS__ 1
| #define _ALL_SOURCE 1
| #define _GNU_SOURCE 1
| #define _POSIX_PTHREAD_SEMANTICS 1
| #define _TANDEM_SOURCE 1
| #define HAVE_LIEEE_FPU 1
| #define STDC_HEADERS 1
| #define HAVE_SYS_WAIT_H 1
| #define HAVE_FCNTL_H 1
| #define HAVE_UNISTD_H 1
| /* end confdefs.h.  */
| #include <sys/types.h>
| #include <signal.h>
| 
| int
| main ()
| {
| return *(signal (0, 0)) (0) == 1;
|   ;
|   return 0;
| }
configure:4418: result: void
configure:4428: checking vfork.h usability
configure:4428: gcc -c -g -O2 -I/opt/local/include/ conftest.c >&5
conftest.c:63:19: error: vfork.h: No such file or directory
configure:4428: $? = 1
configure: failed program was:
| /* confdefs.h */
| #define PACKAGE_NAME ""
| #define PACKAGE_TARNAME ""
| #define PACKAGE_VERSION ""
| #define PACKAGE_STRING ""
| #define PACKAGE_BUGREPORT ""
| #define PACKAGE_URL ""
| #define STDC_HEADERS 1
| #define HAVE_SYS_TYPES_H 1
| #define HAVE_SYS_STAT_H 1
| #define HAVE_STDLIB_H 1
| #define HAVE_STRING_H 1
| #define HAVE_MEMORY_H 1
| #define HAVE_STRINGS_H 1
| #define HAVE_INTTYPES_H 1
| #define HAVE_STDINT_H 1
| #define HAVE_UNISTD_H 1
| #define __EXTENSIONS__ 1
| #define _ALL_SOURCE 1
| #define _GNU_SOURCE 1
| #define _POSIX_PTHREAD_SEMANTICS 1
| #define _TANDEM_SOURCE 1
| #define HAVE_LIEEE_FPU 1
| #define STDC_HEADERS 1
| #define HAVE_SYS_WAIT_H 1
| #define HAVE_FCNTL_H 1
| #define HAVE_UNISTD_H 1
| #define RETSIGTYPE void
| /* end confdefs.h.  */
| #include <stdio.h>
| #ifdef HAVE_SYS_TYPES_H
| # include <sys/types.h>
| #endif
| #ifdef HAVE_SYS_STAT_H
| # include <sys/stat.h>
| #endif
| #ifdef STDC_HEADERS
| # include <stdlib.h>
| # include <stddef.h>
| #else
| # ifdef HAVE_STDLIB_H
| #  include <stdlib.h>
| # endif
| #endif
| #ifdef HAVE_STRING_H
| # if !defined STDC_HEADERS && defined HAVE_MEMORY_H
| #  include <memory.h>
| # endif
| # include <string.h>
| #endif
| #ifdef HAVE_STRINGS_H
| # include <strings.h>
| #endif
| #ifdef HAVE_INTTYPES_H
| # include <inttypes.h>
| #endif
| #ifdef HAVE_STDINT_H
| # include <stdint.h>
| #endif
| #ifdef HAVE_UNISTD_H
| # include <unistd.h>
| #endif
| #include <vfork.h>
configure:4428: result: no
configure:4428: checking vfork.h presence
configure:4428: gcc -E -I/opt/local/include/ conftest.c
conftest.c:30:19: error: vfork.h: No such file or directory
configure:4428: $? = 1
configure: failed program was:
| /* confdefs.h */
| #define PACKAGE_NAME ""
| #define PACKAGE_TARNAME ""
| #define PACKAGE_VERSION ""
| #define PACKAGE_STRING ""
| #define PACKAGE_BUGREPORT ""
| #define PACKAGE_URL ""
| #define STDC_HEADERS 1
| #define HAVE_SYS_TYPES_H 1
| #define HAVE_SYS_STAT_H 1
| #define HAVE_STDLIB_H 1
| #define HAVE_STRING_H 1
| #define HAVE_MEMORY_H 1
| #define HAVE_STRINGS_H 1
| #define HAVE_INTTYPES_H 1
| #define HAVE_STDINT_H 1
| #define HAVE_UNISTD_H 1
| #define __EXTENSIONS__ 1
| #define _ALL_SOURCE 1
| #define _GNU_SOURCE 1
| #define _POSIX_PTHREAD_SEMANTICS 1
| #define _TANDEM_SOURCE 1
| #define HAVE_LIEEE_FPU 1
| #define STDC_HEADERS 1
| #define HAVE_SYS_WAIT_H 1
| #define HAVE_FCNTL_H 1
| #define HAVE_UNISTD_H 1
| #define RETSIGTYPE void
| /* end confdefs.h.  */
| #include <vfork.h>
configure:4428: result: no
configure:4428: checking for vfork.h
configure:4428: result: no
configure:4441: checking for fork
configure:4441: gcc -o conftest -g -O2 -I/opt/local/include/ -L/opt/local/lib conftest.c  >&5
conftest.c:53: warning: conflicting types for built-in function 'fork'
configure:4441: $? = 0
configure:4441: result: yes
configure:4441: checking for vfork
configure:4441: gcc -o conftest -g -O2 -I/opt/local/include/ -L/opt/local/lib conftest.c  >&5
configure:4441: $? = 0
configure:4441: result: yes
configure:4451: checking for working fork
configure:4473: gcc -o conftest -g -O2 -I/opt/local/include/ -L/opt/local/lib conftest.c  >&5
configure:4473: $? = 0
configure:4473: ./conftest
configure:4473: $? = 0
configure:4483: result: yes
configure:4504: checking for working vfork
configure:4614: result: yes
configure:4641: checking for working alloca.h
configure:4658: gcc -o conftest -g -O2 -I/opt/local/include/ -L/opt/local/lib conftest.c  >&5
configure:4658: $? = 0
configure:4666: result: yes
configure:4674: checking for alloca
configure:4711: gcc -o conftest -g -O2 -I/opt/local/include/ -L/opt/local/lib conftest.c  >&5
configure:4711: $? = 0
configure:4719: result: yes
configure:4831: checking for getcwd
configure:4831: gcc -o conftest -g -O2 -I/opt/local/include/ -L/opt/local/lib conftest.c  >&5
configure:4831: $? = 0
configure:4831: result: yes
configure:4831: checking for gethostname
configure:4831: gcc -o conftest -g -O2 -I/opt/local/include/ -L/opt/local/lib conftest.c  >&5
configure:4831: $? = 0
configure:4831: result: yes
configure:4843: checking for strdup
configure:4843: gcc -o conftest -g -O2 -I/opt/local/include/ -L/opt/local/lib conftest.c  >&5
conftest.c:61: warning: conflicting types for built-in function 'strdup'
configure:4843: $? = 0
configure:4843: result: yes
configure:4843: checking for strstr
configure:4843: gcc -o conftest -g -O2 -I/opt/local/include/ -L/opt/local/lib conftest.c  >&5
conftest.c:62: warning: conflicting types for built-in function 'strstr'
configure:4843: $? = 0
configure:4843: result: yes
configure:4843: checking for strerror
configure:4843: gcc -o conftest -g -O2 -I/opt/local/include/ -L/opt/local/lib conftest.c  >&5
configure:4843: $? = 0
configure:4843: result: yes
configure:4854: checking for drand48
configure:4854: gcc -o conftest -g -O2 -I/opt/local/include/ -L/opt/local/lib conftest.c  >&5
configure:4854: $? = 0
configure:4854: result: yes
configure:4866: checking for memcpy
configure:4866: gcc -o conftest -g -O2 -I/opt/local/include/ -L/opt/local/lib conftest.c  >&5
conftest.c:65: warning: conflicting types for built-in function 'memcpy'
configure:4866: $? = 0
configure:4866: result: yes
configure:4866: checking for memmove
configure:4866: gcc -o conftest -g -O2 -I/opt/local/include/ -L/opt/local/lib conftest.c  >&5
conftest.c:66: warning: conflicting types for built-in function 'memmove'
configure:4866: $? = 0
configure:4866: result: yes
configure:4877: checking for popen
configure:4877: gcc -o conftest -g -O2 -I/opt/local/include/ -L/opt/local/lib conftest.c  >&5
configure:4877: $? = 0
configure:4877: result: yes
configure:4888: checking for vsnprintf
configure:4888: gcc -o conftest -g -O2 -I/opt/local/include/ -L/opt/local/lib conftest.c  >&5
conftest.c:68: warning: conflicting types for built-in function 'vsnprintf'
configure:4888: $? = 0
configure:4888: result: yes
configure:4899: checking for on_exit
configure:4899: gcc -o conftest -g -O2 -I/opt/local/include/ -L/opt/local/lib conftest.c  >&5
Undefined symbols for architecture x86_64:
  "_on_exit", referenced from:
      _main in ccpkgrbs.o
ld: symbol(s) not found for architecture x86_64
collect2: ld returned 1 exit status
configure:4899: $? = 1
configure: failed program was:
| /* confdefs.h */
| #define PACKAGE_NAME ""
| #define PACKAGE_TARNAME ""
| #define PACKAGE_VERSION ""
| #define PACKAGE_STRING ""
| #define PACKAGE_BUGREPORT ""
| #define PACKAGE_URL ""
| #define STDC_HEADERS 1
| #define HAVE_SYS_TYPES_H 1
| #define HAVE_SYS_STAT_H 1
| #define HAVE_STDLIB_H 1
| #define HAVE_STRING_H 1
| #define HAVE_MEMORY_H 1
| #define HAVE_STRINGS_H 1
| #define HAVE_INTTYPES_H 1
| #define HAVE_STDINT_H 1
| #define HAVE_UNISTD_H 1
| #define __EXTENSIONS__ 1
| #define _ALL_SOURCE 1
| #define _GNU_SOURCE 1
| #define _POSIX_PTHREAD_SEMANTICS 1
| #define _TANDEM_SOURCE 1
| #define HAVE_LIEEE_FPU 1
| #define STDC_HEADERS 1
| #define HAVE_SYS_WAIT_H 1
| #define HAVE_FCNTL_H 1
| #define HAVE_UNISTD_H 1
| #define RETSIGTYPE void
| #define HAVE_FORK 1
| #define HAVE_VFORK 1
| #define HAVE_WORKING_VFORK 1
| #define HAVE_WORKING_FORK 1
| #define HAVE_ALLOCA_H 1
| #define HAVE_ALLOCA 1
| #define HAVE_GETCWD 1
| #define HAVE_GETHOSTNAME 1
| #define HAVE_STRDUP 1
| #define HAVE_STRSTR 1
| #define HAVE_STRERROR 1
| #define HAVE_DRAND48 1
| #define HAVE_MEMCPY 1
| #define HAVE_MEMMOVE 1
| #define HAVE_POPEN 1
| #define HAVE_VSNPRINTF 1
| /* end confdefs.h.  */
| /* Define on_exit to an innocuous variant, in case <limits.h> declares on_exit.
|    For example, HP-UX 11i <limits.h> declares gettimeofday.  */
| #define on_exit innocuous_on_exit
| 
| /* System header to define __stub macros and hopefully few prototypes,
|     which can conflict with char on_exit (); below.
|     Prefer <limits.h> to <assert.h> if __STDC__ is defined, since
|     <limits.h> exists even on freestanding compilers.  */
| 
| #ifdef __STDC__
| # include <limits.h>
| #else
| # include <assert.h>
| #endif
| 
| #undef on_exit
| 
| /* Override any GCC internal prototype to avoid an error.
|    Use char because int might match the return type of a GCC
|    builtin and then its argument prototype would still apply.  */
| #ifdef __cplusplus
| extern "C"
| #endif
| char on_exit ();
| /* The GNU C library defines this for functions which it implements
|     to always fail with ENOSYS.  Some functions are actually named
|     something starting with __ and the normal name is an alias.  */
| #if defined __stub_on_exit || defined __stub___on_exit
| choke me
| #endif
| 
| int
| main ()
| {
| return on_exit ();
|   ;
|   return 0;
| }
configure:4899: result: no
configure:4908: checking for mkfifo
configure:4908: gcc -o conftest -g -O2 -I/opt/local/include/ -L/opt/local/lib conftest.c  >&5
configure:4908: $? = 0
configure:4908: result: yes
configure:4914: checking for main in -lm
configure:4933: gcc -o conftest -g -O2 -I/opt/local/include/ -L/opt/local/lib conftest.c -lm   >&5
configure:4933: $? = 0
configure:4942: result: yes
configure:4956: checking ieeefp.h usability
configure:4956: gcc -c -g -O2 -I/opt/local/include/ conftest.c >&5
conftest.c:80:20: error: ieeefp.h: No such file or directory
configure:4956: $? = 1
configure: failed program was:
| /* confdefs.h */
| #define PACKAGE_NAME ""
| #define PACKAGE_TARNAME ""
| #define PACKAGE_VERSION ""
| #define PACKAGE_STRING ""
| #define PACKAGE_BUGREPORT ""
| #define PACKAGE_URL ""
| #define STDC_HEADERS 1
| #define HAVE_SYS_TYPES_H 1
| #define HAVE_SYS_STAT_H 1
| #define HAVE_STDLIB_H 1
| #define HAVE_STRING_H 1
| #define HAVE_MEMORY_H 1
| #define HAVE_STRINGS_H 1
| #define HAVE_INTTYPES_H 1
| #define HAVE_STDINT_H 1
| #define HAVE_UNISTD_H 1
| #define __EXTENSIONS__ 1
| #define _ALL_SOURCE 1
| #define _GNU_SOURCE 1
| #define _POSIX_PTHREAD_SEMANTICS 1
| #define _TANDEM_SOURCE 1
| #define HAVE_LIEEE_FPU 1
| #define STDC_HEADERS 1
| #define HAVE_SYS_WAIT_H 1
| #define HAVE_FCNTL_H 1
| #define HAVE_UNISTD_H 1
| #define RETSIGTYPE void
| #define HAVE_FORK 1
| #define HAVE_VFORK 1
| #define HAVE_WORKING_VFORK 1
| #define HAVE_WORKING_FORK 1
| #define HAVE_ALLOCA_H 1
| #define HAVE_ALLOCA 1
| #define HAVE_GETCWD 1
| #define HAVE_GETHOSTNAME 1
| #define HAVE_STRDUP 1
| #define HAVE_STRSTR 1
| #define HAVE_STRERROR 1
| #define HAVE_DRAND48 1
| #define HAVE_MEMCPY 1
| #define HAVE_MEMMOVE 1
| #define HAVE_POPEN 1
| #define HAVE_VSNPRINTF 1
| #define HAVE_LIBM 1
| /* end confdefs.h.  */
| #include <stdio.h>
| #ifdef HAVE_SYS_TYPES_H
| # include <sys/types.h>
| #endif
| #ifdef HAVE_SYS_STAT_H
| # include <sys/stat.h>
| #endif
| #ifdef STDC_HEADERS
| # include <stdlib.h>
| # include <stddef.h>
| #else
| # ifdef HAVE_STDLIB_H
| #  include <stdlib.h>
| # endif
| #endif
| #ifdef HAVE_STRING_H
| # if !defined STDC_HEADERS && defined HAVE_MEMORY_H
| #  include <memory.h>
| # endif
| # include <string.h>
| #endif
| #ifdef HAVE_STRINGS_H
| # include <strings.h>
| #endif
| #ifdef HAVE_INTTYPES_H
| # include <inttypes.h>
| #endif
| #ifdef HAVE_STDINT_H
| # include <stdint.h>
| #endif
| #ifdef HAVE_UNISTD_H
| # include <unistd.h>
| #endif
| #include <ieeefp.h>
configure:4956: result: no
configure:4956: checking ieeefp.h presence
configure:4956: gcc -E -I/opt/local/include/ conftest.c
conftest.c:47:20: error: ieeefp.h: No such file or directory
configure:4956: $? = 1
configure: failed program was:
| /* confdefs.h */
| #define PACKAGE_NAME ""
| #define PACKAGE_TARNAME ""
| #define PACKAGE_VERSION ""
| #define PACKAGE_STRING ""
| #define PACKAGE_BUGREPORT ""
| #define PACKAGE_URL ""
| #define STDC_HEADERS 1
| #define HAVE_SYS_TYPES_H 1
| #define HAVE_SYS_STAT_H 1
| #define HAVE_STDLIB_H 1
| #define HAVE_STRING_H 1
| #define HAVE_MEMORY_H 1
| #define HAVE_STRINGS_H 1
| #define HAVE_INTTYPES_H 1
| #define HAVE_STDINT_H 1
| #define HAVE_UNISTD_H 1
| #define __EXTENSIONS__ 1
| #define _ALL_SOURCE 1
| #define _GNU_SOURCE 1
| #define _POSIX_PTHREAD_SEMANTICS 1
| #define _TANDEM_SOURCE 1
| #define HAVE_LIEEE_FPU 1
| #define STDC_HEADERS 1
| #define HAVE_SYS_WAIT_H 1
| #define HAVE_FCNTL_H 1
| #define HAVE_UNISTD_H 1
| #define RETSIGTYPE void
| #define HAVE_FORK 1
| #define HAVE_VFORK 1
| #define HAVE_WORKING_VFORK 1
| #define HAVE_WORKING_FORK 1
| #define HAVE_ALLOCA_H 1
| #define HAVE_ALLOCA 1
| #define HAVE_GETCWD 1
| #define HAVE_GETHOSTNAME 1
| #define HAVE_STRDUP 1
| #define HAVE_STRSTR 1
| #define HAVE_STRERROR 1
| #define HAVE_DRAND48 1
| #define HAVE_MEMCPY 1
| #define HAVE_MEMMOVE 1
| #define HAVE_POPEN 1
| #define HAVE_VSNPRINTF 1
| #define HAVE_LIBM 1
| /* end confdefs.h.  */
| #include <ieeefp.h>
configure:4956: result: no
configure:4956: checking for ieeefp.h
configure:4956: result: no
configure:4967: checking for hypot in -lm
configure:4992: gcc -o conftest -g -O2 -I/opt/local/include/ -L/opt/local/lib conftest.c -lm  -lm  >&5
conftest.c:54: warning: conflicting types for built-in function 'hypot'
configure:4992: $? = 0
configure:5001: result: yes
configure:5008: checking for rint in -lm
configure:5033: gcc -o conftest -g -O2 -I/opt/local/include/ -L/opt/local/lib conftest.c -lm  -lm  >&5
conftest.c:55: warning: conflicting types for built-in function 'rint'
configure:5033: $? = 0
configure:5042: result: yes
configure:5049: checking for cbrt in -lm
configure:5074: gcc -o conftest -g -O2 -I/opt/local/include/ -L/opt/local/lib conftest.c -lm  -lm  >&5
conftest.c:56: warning: conflicting types for built-in function 'cbrt'
configure:5074: $? = 0
configure:5083: result: yes
configure:5090: checking for log2 in -lm
configure:5115: gcc -o conftest -g -O2 -I/opt/local/include/ -L/opt/local/lib conftest.c -lm  -lm  >&5
conftest.c:57: warning: conflicting types for built-in function 'log2'
configure:5115: $? = 0
configure:5124: result: yes
configure:5131: checking for asinh in -lm
configure:5156: gcc -o conftest -g -O2 -I/opt/local/include/ -L/opt/local/lib conftest.c -lm  -lm  >&5
conftest.c:58: warning: conflicting types for built-in function 'asinh'
configure:5156: $? = 0
configure:5165: result: yes
configure:5172: checking for acosh in -lm
configure:5197: gcc -o conftest -g -O2 -I/opt/local/include/ -L/opt/local/lib conftest.c -lm  -lm  >&5
conftest.c:59: warning: conflicting types for built-in function 'acosh'
configure:5197: $? = 0
configure:5206: result: yes
configure:5213: checking for atanh in -lm
configure:5238: gcc -o conftest -g -O2 -I/opt/local/include/ -L/opt/local/lib conftest.c -lm  -lm  >&5
conftest.c:60: warning: conflicting types for built-in function 'atanh'
configure:5238: $? = 0
configure:5247: result: yes
configure:5254: checking for lgamma in -lm
configure:5279: gcc -o conftest -g -O2 -I/opt/local/include/ -L/opt/local/lib conftest.c -lm  -lm  >&5
conftest.c:61: warning: conflicting types for built-in function 'lgamma'
configure:5279: $? = 0
configure:5288: result: yes
configure:5297: checking "whether lgamma is defined in math.h"
configure:5313: gcc -c -g -O2 -I/opt/local/include/ conftest.c >&5
configure:5313: $? = 0
configure:5321: result: yes
configure:5325: checking for erf in -lm
configure:5350: gcc -o conftest -g -O2 -I/opt/local/include/ -L/opt/local/lib conftest.c -lm  -lm  >&5
conftest.c:63: warning: conflicting types for built-in function 'erf'
configure:5350: $? = 0
configure:5359: result: yes
configure:5366: checking for erfc in -lm
configure:5391: gcc -o conftest -g -O2 -I/opt/local/include/ -L/opt/local/lib conftest.c -lm  -lm  >&5
conftest.c:64: warning: conflicting types for built-in function 'erfc'
configure:5391: $? = 0
configure:5400: result: yes
configure:5407: checking for j0 in -lm
configure:5432: gcc -o conftest -g -O2 -I/opt/local/include/ -L/opt/local/lib conftest.c -lm  -lm  >&5
conftest.c:65: warning: conflicting types for built-in function 'j0'
configure:5432: $? = 0
configure:5441: result: yes
configure:5448: checking for j1 in -lm
configure:5473: gcc -o conftest -g -O2 -I/opt/local/include/ -L/opt/local/lib conftest.c -lm  -lm  >&5
conftest.c:66: warning: conflicting types for built-in function 'j1'
configure:5473: $? = 0
configure:5482: result: yes
configure:5489: checking for jn in -lm
configure:5514: gcc -o conftest -g -O2 -I/opt/local/include/ -L/opt/local/lib conftest.c -lm  -lm  >&5
conftest.c:67: warning: conflicting types for built-in function 'jn'
configure:5514: $? = 0
configure:5523: result: yes
configure:5530: checking for y0 in -lm
configure:5555: gcc -o conftest -g -O2 -I/opt/local/include/ -L/opt/local/lib conftest.c -lm  -lm  >&5
conftest.c:68: warning: conflicting types for built-in function 'y0'
configure:5555: $? = 0
configure:5564: result: yes
configure:5571: checking for y1 in -lm
configure:5596: gcc -o conftest -g -O2 -I/opt/local/include/ -L/opt/local/lib conftest.c -lm  -lm  >&5
conftest.c:69: warning: conflicting types for built-in function 'y1'
configure:5596: $? = 0
configure:5605: result: yes
configure:5612: checking for yn in -lm
configure:5637: gcc -o conftest -g -O2 -I/opt/local/include/ -L/opt/local/lib conftest.c -lm  -lm  >&5
conftest.c:70: warning: conflicting types for built-in function 'yn'
configure:5637: $? = 0
configure:5646: result: yes
configure:5653: checking for finite in -lm
configure:5678: gcc -o conftest -g -O2 -I/opt/local/include/ -L/opt/local/lib conftest.c -lm  -lm  >&5
conftest.c:71: warning: conflicting types for built-in function 'finite'
configure:5678: $? = 0
configure:5687: result: yes
configure:5739: checking for main in -lgen
configure:5758: gcc -o conftest -g -O2 -I/opt/local/include/ -L/opt/local/lib conftest.c -lgen  -lm  >&5
ld: library not found for -lgen
collect2: ld returned 1 exit status
configure:5758: $? = 1
configure: failed program was:
| /* confdefs.h */
| #define PACKAGE_NAME ""
| #define PACKAGE_TARNAME ""
| #define PACKAGE_VERSION ""
| #define PACKAGE_STRING ""
| #define PACKAGE_BUGREPORT ""
| #define PACKAGE_URL ""
| #define STDC_HEADERS 1
| #define HAVE_SYS_TYPES_H 1
| #define HAVE_SYS_STAT_H 1
| #define HAVE_STDLIB_H 1
| #define HAVE_STRING_H 1
| #define HAVE_MEMORY_H 1
| #define HAVE_STRINGS_H 1
| #define HAVE_INTTYPES_H 1
| #define HAVE_STDINT_H 1
| #define HAVE_UNISTD_H 1
| #define __EXTENSIONS__ 1
| #define _ALL_SOURCE 1
| #define _GNU_SOURCE 1
| #define _POSIX_PTHREAD_SEMANTICS 1
| #define _TANDEM_SOURCE 1
| #define HAVE_LIEEE_FPU 1
| #define STDC_HEADERS 1
| #define HAVE_SYS_WAIT_H 1
| #define HAVE_FCNTL_H 1
| #define HAVE_UNISTD_H 1
| #define RETSIGTYPE void
| #define HAVE_FORK 1
| #define HAVE_VFORK 1
| #define HAVE_WORKING_VFORK 1
| #define HAVE_WORKING_FORK 1
| #define HAVE_ALLOCA_H 1
| #define HAVE_ALLOCA 1
| #define HAVE_GETCWD 1
| #define HAVE_GETHOSTNAME 1
| #define HAVE_STRDUP 1
| #define HAVE_STRSTR 1
| #define HAVE_STRERROR 1
| #define HAVE_DRAND48 1
| #define HAVE_MEMCPY 1
| #define HAVE_MEMMOVE 1
| #define HAVE_POPEN 1
| #define HAVE_VSNPRINTF 1
| #define HAVE_LIBM 1
| #define HAVE_HYPOT 1
| #define HAVE_RINT 1
| #define HAVE_CBRT 1
| #define HAVE_LOG2 1
| #define HAVE_ASINH 1
| #define HAVE_ACOSH 1
| #define HAVE_ATANH 1
| #define HAVE_LGAMMA 1
| #define HAVE_LGAMMA_IN_MATH_H 1
| #define HAVE_ERF 1
| #define HAVE_ERFC 1
| #define HAVE_J0 1
| #define HAVE_J1 1
| #define HAVE_JN 1
| #define HAVE_Y0 1
| #define HAVE_Y1 1
| #define HAVE_YN 1
| #define HAVE_FINITE 1
| /* end confdefs.h.  */
| 
| 
| int
| main ()
| {
| return main ();
|   ;
|   return 0;
| }
configure:5767: result: no
configure:5779: checking for xdrstdio_create
configure:5779: gcc -o conftest -g -O2 -I/opt/local/include/ -L/opt/local/lib conftest.c -lm  >&5
configure:5779: $? = 0
configure:5779: result: yes
configure:5844: checking for dlopen
configure:5844: gcc -o conftest -g -O2 -I/opt/local/include/ -L/opt/local/lib conftest.c -lm  >&5
configure:5844: $? = 0
configure:5844: result: yes
configure:5966: checking for lpr
configure:5982: found /usr/bin/lpr
configure:5994: result: 'lpr'
configure:6008: checking for X
configure:6116: gcc -E -I/opt/local/include/ conftest.c
configure:6116: $? = 0
configure:6147: gcc -o conftest -g -O2 -I/opt/local/include/ -L/opt/local/lib conftest.c -lX11 -lm  >&5
configure:6147: $? = 0
configure:6197: result: libraries , headers 
configure:6296: gcc -o conftest -g -O2 -I/opt/local/include/ -L/opt/local/lib conftest.c -lm   -lX11 >&5
configure:6296: $? = 0
configure:6394: checking for gethostbyname
configure:6394: gcc -o conftest -g -O2 -I/opt/local/include/ -L/opt/local/lib conftest.c -lm  >&5
configure:6394: $? = 0
configure:6394: result: yes
configure:6491: checking for connect
configure:6491: gcc -o conftest -g -O2 -I/opt/local/include/ -L/opt/local/lib conftest.c -lm  >&5
configure:6491: $? = 0
configure:6491: result: yes
configure:6540: checking for remove
configure:6540: gcc -o conftest -g -O2 -I/opt/local/include/ -L/opt/local/lib conftest.c -lm  >&5
configure:6540: $? = 0
configure:6540: result: yes
configure:6589: checking for shmat
configure:6589: gcc -o conftest -g -O2 -I/opt/local/include/ -L/opt/local/lib conftest.c -lm  >&5
configure:6589: $? = 0
configure:6589: result: yes
configure:6647: checking for IceConnectionNumber in -lICE
configure:6672: gcc -o conftest -g -O2 -I/opt/local/include/ -L/opt/local/lib conftest.c -lICE  -lm  >&5
configure:6672: $? = 0
configure:6681: result: yes
configure:6696: checking for main in -lXp
configure:6715: gcc -o conftest -g -O2 -I/opt/local/include/ -L/opt/local/lib conftest.c -lXp  -lXt -lXext -lX11  -lSM -lICE  -lm  >&5
configure:6715: $? = 0
configure:6724: result: yes
configure:6730: checking for main in -lXm
configure:6749: gcc -o conftest -g -O2 -I/opt/local/include/ -L/opt/local/lib conftest.c -lXm -lXp  -lXt -lXext -lX11  -lSM -lICE  -lm  >&5
configure:6749: $? = 0
configure:6758: result: yes
configure:6771: checking for main in -lXpm
configure:6790: gcc -o conftest -g -O2  -I/opt/local/include/ -L/opt/local/lib conftest.c -lXpm  -lXm -lXp  -lXt -lXext -lX11  -lSM -lICE  -lm  >&5
configure:6790: $? = 0
configure:6799: result: yes
configure:6807: checking xpm.h usability
configure:6807: gcc -c -g -O2  -I/opt/local/include/ conftest.c >&5
conftest.c:102:17: error: xpm.h: No such file or directory
configure:6807: $? = 1
configure: failed program was:
| /* confdefs.h */
| #define PACKAGE_NAME ""
| #define PACKAGE_TARNAME ""
| #define PACKAGE_VERSION ""
| #define PACKAGE_STRING ""
| #define PACKAGE_BUGREPORT ""
| #define PACKAGE_URL ""
| #define STDC_HEADERS 1
| #define HAVE_SYS_TYPES_H 1
| #define HAVE_SYS_STAT_H 1
| #define HAVE_STDLIB_H 1
| #define HAVE_STRING_H 1
| #define HAVE_MEMORY_H 1
| #define HAVE_STRINGS_H 1
| #define HAVE_INTTYPES_H 1
| #define HAVE_STDINT_H 1
| #define HAVE_UNISTD_H 1
| #define __EXTENSIONS__ 1
| #define _ALL_SOURCE 1
| #define _GNU_SOURCE 1
| #define _POSIX_PTHREAD_SEMANTICS 1
| #define _TANDEM_SOURCE 1
| #define HAVE_LIEEE_FPU 1
| #define STDC_HEADERS 1
| #define HAVE_SYS_WAIT_H 1
| #define HAVE_FCNTL_H 1
| #define HAVE_UNISTD_H 1
| #define RETSIGTYPE void
| #define HAVE_FORK 1
| #define HAVE_VFORK 1
| #define HAVE_WORKING_VFORK 1
| #define HAVE_WORKING_FORK 1
| #define HAVE_ALLOCA_H 1
| #define HAVE_ALLOCA 1
| #define HAVE_GETCWD 1
| #define HAVE_GETHOSTNAME 1
| #define HAVE_STRDUP 1
| #define HAVE_STRSTR 1
| #define HAVE_STRERROR 1
| #define HAVE_DRAND48 1
| #define HAVE_MEMCPY 1
| #define HAVE_MEMMOVE 1
| #define HAVE_POPEN 1
| #define HAVE_VSNPRINTF 1
| #define HAVE_LIBM 1
| #define HAVE_HYPOT 1
| #define HAVE_RINT 1
| #define HAVE_CBRT 1
| #define HAVE_LOG2 1
| #define HAVE_ASINH 1
| #define HAVE_ACOSH 1
| #define HAVE_ATANH 1
| #define HAVE_LGAMMA 1
| #define HAVE_LGAMMA_IN_MATH_H 1
| #define HAVE_ERF 1
| #define HAVE_ERFC 1
| #define HAVE_J0 1
| #define HAVE_J1 1
| #define HAVE_JN 1
| #define HAVE_Y0 1
| #define HAVE_Y1 1
| #define HAVE_YN 1
| #define HAVE_FINITE 1
| #define HAVE_XDR 1
| #define HAVE_DLOPEN 1
| #define HAVE_MOTIF 1
| #define HAVE_XPM 1
| /* end confdefs.h.  */
| #include <stdio.h>
| #ifdef HAVE_SYS_TYPES_H
| # include <sys/types.h>
| #endif
| #ifdef HAVE_SYS_STAT_H
| # include <sys/stat.h>
| #endif
| #ifdef STDC_HEADERS
| # include <stdlib.h>
| # include <stddef.h>
| #else
| # ifdef HAVE_STDLIB_H
| #  include <stdlib.h>
| # endif
| #endif
| #ifdef HAVE_STRING_H
| # if !defined STDC_HEADERS && defined HAVE_MEMORY_H
| #  include <memory.h>
| # endif
| # include <string.h>
| #endif
| #ifdef HAVE_STRINGS_H
| # include <strings.h>
| #endif
| #ifdef HAVE_INTTYPES_H
| # include <inttypes.h>
| #endif
| #ifdef HAVE_STDINT_H
| # include <stdint.h>
| #endif
| #ifdef HAVE_UNISTD_H
| # include <unistd.h>
| #endif
| #include <xpm.h>
configure:6807: result: no
configure:6807: checking xpm.h presence
configure:6807: gcc -E -I/opt/local/include/ conftest.c
conftest.c:69:17: error: xpm.h: No such file or directory
configure:6807: $? = 1
configure: failed program was:
| /* confdefs.h */
| #define PACKAGE_NAME ""
| #define PACKAGE_TARNAME ""
| #define PACKAGE_VERSION ""
| #define PACKAGE_STRING ""
| #define PACKAGE_BUGREPORT ""
| #define PACKAGE_URL ""
| #define STDC_HEADERS 1
| #define HAVE_SYS_TYPES_H 1
| #define HAVE_SYS_STAT_H 1
| #define HAVE_STDLIB_H 1
| #define HAVE_STRING_H 1
| #define HAVE_MEMORY_H 1
| #define HAVE_STRINGS_H 1
| #define HAVE_INTTYPES_H 1
| #define HAVE_STDINT_H 1
| #define HAVE_UNISTD_H 1
| #define __EXTENSIONS__ 1
| #define _ALL_SOURCE 1
| #define _GNU_SOURCE 1
| #define _POSIX_PTHREAD_SEMANTICS 1
| #define _TANDEM_SOURCE 1
| #define HAVE_LIEEE_FPU 1
| #define STDC_HEADERS 1
| #define HAVE_SYS_WAIT_H 1
| #define HAVE_FCNTL_H 1
| #define HAVE_UNISTD_H 1
| #define RETSIGTYPE void
| #define HAVE_FORK 1
| #define HAVE_VFORK 1
| #define HAVE_WORKING_VFORK 1
| #define HAVE_WORKING_FORK 1
| #define HAVE_ALLOCA_H 1
| #define HAVE_ALLOCA 1
| #define HAVE_GETCWD 1
| #define HAVE_GETHOSTNAME 1
| #define HAVE_STRDUP 1
| #define HAVE_STRSTR 1
| #define HAVE_STRERROR 1
| #define HAVE_DRAND48 1
| #define HAVE_MEMCPY 1
| #define HAVE_MEMMOVE 1
| #define HAVE_POPEN 1
| #define HAVE_VSNPRINTF 1
| #define HAVE_LIBM 1
| #define HAVE_HYPOT 1
| #define HAVE_RINT 1
| #define HAVE_CBRT 1
| #define HAVE_LOG2 1
| #define HAVE_ASINH 1
| #define HAVE_ACOSH 1
| #define HAVE_ATANH 1
| #define HAVE_LGAMMA 1
| #define HAVE_LGAMMA_IN_MATH_H 1
| #define HAVE_ERF 1
| #define HAVE_ERFC 1
| #define HAVE_J0 1
| #define HAVE_J1 1
| #define HAVE_JN 1
| #define HAVE_Y0 1
| #define HAVE_Y1 1
| #define HAVE_YN 1
| #define HAVE_FINITE 1
| #define HAVE_XDR 1
| #define HAVE_DLOPEN 1
| #define HAVE_MOTIF 1
| #define HAVE_XPM 1
| /* end confdefs.h.  */
| #include <xpm.h>
configure:6807: result: no
configure:6807: checking for xpm.h
configure:6807: result: no
configure:6807: checking X11/xpm.h usability
configure:6807: gcc -c -g -O2  -I/opt/local/include/ conftest.c >&5
configure:6807: $? = 0
configure:6807: result: yes
configure:6807: checking X11/xpm.h presence
configure:6807: gcc -E -I/opt/local/include/ conftest.c
configure:6807: $? = 0
configure:6807: result: yes
configure:6807: checking for X11/xpm.h
configure:6807: result: yes
configure:6819: checking for main in -lXbae
configure:6838: gcc -o conftest -g -O2  -I/opt/local/include/ -L/opt/local/lib conftest.c -lXbae -lXm -lXp  -lXt -lXext -lX11  -lSM -lICE  -lXpm -lXm -lXp  -lXt -lXext -lX11  -lSM -lICE  -lm  >&5
ld: library not found for -lXbae
collect2: ld returned 1 exit status
configure:6838: $? = 1
configure: failed program was:
| /* confdefs.h */
| #define PACKAGE_NAME ""
| #define PACKAGE_TARNAME ""
| #define PACKAGE_VERSION ""
| #define PACKAGE_STRING ""
| #define PACKAGE_BUGREPORT ""
| #define PACKAGE_URL ""
| #define STDC_HEADERS 1
| #define HAVE_SYS_TYPES_H 1
| #define HAVE_SYS_STAT_H 1
| #define HAVE_STDLIB_H 1
| #define HAVE_STRING_H 1
| #define HAVE_MEMORY_H 1
| #define HAVE_STRINGS_H 1
| #define HAVE_INTTYPES_H 1
| #define HAVE_STDINT_H 1
| #define HAVE_UNISTD_H 1
| #define __EXTENSIONS__ 1
| #define _ALL_SOURCE 1
| #define _GNU_SOURCE 1
| #define _POSIX_PTHREAD_SEMANTICS 1
| #define _TANDEM_SOURCE 1
| #define HAVE_LIEEE_FPU 1
| #define STDC_HEADERS 1
| #define HAVE_SYS_WAIT_H 1
| #define HAVE_FCNTL_H 1
| #define HAVE_UNISTD_H 1
| #define RETSIGTYPE void
| #define HAVE_FORK 1
| #define HAVE_VFORK 1
| #define HAVE_WORKING_VFORK 1
| #define HAVE_WORKING_FORK 1
| #define HAVE_ALLOCA_H 1
| #define HAVE_ALLOCA 1
| #define HAVE_GETCWD 1
| #define HAVE_GETHOSTNAME 1
| #define HAVE_STRDUP 1
| #define HAVE_STRSTR 1
| #define HAVE_STRERROR 1
| #define HAVE_DRAND48 1
| #define HAVE_MEMCPY 1
| #define HAVE_MEMMOVE 1
| #define HAVE_POPEN 1
| #define HAVE_VSNPRINTF 1
| #define HAVE_LIBM 1
| #define HAVE_HYPOT 1
| #define HAVE_RINT 1
| #define HAVE_CBRT 1
| #define HAVE_LOG2 1
| #define HAVE_ASINH 1
| #define HAVE_ACOSH 1
| #define HAVE_ATANH 1
| #define HAVE_LGAMMA 1
| #define HAVE_LGAMMA_IN_MATH_H 1
| #define HAVE_ERF 1
| #define HAVE_ERFC 1
| #define HAVE_J0 1
| #define HAVE_J1 1
| #define HAVE_JN 1
| #define HAVE_Y0 1
| #define HAVE_Y1 1
| #define HAVE_YN 1
| #define HAVE_FINITE 1
| #define HAVE_XDR 1
| #define HAVE_DLOPEN 1
| #define HAVE_MOTIF 1
| #define HAVE_XPM 1
| #define HAVE_X11_XPM_H 1
| /* end confdefs.h.  */
| 
| 
| int
| main ()
| {
| return main ();
|   ;
|   return 0;
| }
configure:6847: result: no
configure:6940: checking for _XEditResCheckMessages in -lXmu
configure:6965: gcc -o conftest -g -O2  -I/opt/local/include/ -L/opt/local/lib conftest.c -lXmu  -lXm -lXp  -lXt -lXext -lX11  -lSM -lICE  -lm  >&5
configure:6965: $? = 0
configure:6974: result: yes
configure:7012: checking for main in -lnetcdf
configure:7031: gcc -o conftest -g -O2  -I/opt/local/include/ -L/opt/local/lib conftest.c -lnetcdf  -lXm -lXp  -lXt -lXext -lX11  -lSM -lICE  -lm  >&5
ld: library not found for -lnetcdf
collect2: ld returned 1 exit status
configure:7031: $? = 1
configure: failed program was:
| /* confdefs.h */
| #define PACKAGE_NAME ""
| #define PACKAGE_TARNAME ""
| #define PACKAGE_VERSION ""
| #define PACKAGE_STRING ""
| #define PACKAGE_BUGREPORT ""
| #define PACKAGE_URL ""
| #define STDC_HEADERS 1
| #define HAVE_SYS_TYPES_H 1
| #define HAVE_SYS_STAT_H 1
| #define HAVE_STDLIB_H 1
| #define HAVE_STRING_H 1
| #define HAVE_MEMORY_H 1
| #define HAVE_STRINGS_H 1
| #define HAVE_INTTYPES_H 1
| #define HAVE_STDINT_H 1
| #define HAVE_UNISTD_H 1
| #define __EXTENSIONS__ 1
| #define _ALL_SOURCE 1
| #define _GNU_SOURCE 1
| #define _POSIX_PTHREAD_SEMANTICS 1
| #define _TANDEM_SOURCE 1
| #define HAVE_LIEEE_FPU 1
| #define STDC_HEADERS 1
| #define HAVE_SYS_WAIT_H 1
| #define HAVE_FCNTL_H 1
| #define HAVE_UNISTD_H 1
| #define RETSIGTYPE void
| #define HAVE_FORK 1
| #define HAVE_VFORK 1
| #define HAVE_WORKING_VFORK 1
| #define HAVE_WORKING_FORK 1
| #define HAVE_ALLOCA_H 1
| #define HAVE_ALLOCA 1
| #define HAVE_GETCWD 1
| #define HAVE_GETHOSTNAME 1
| #define HAVE_STRDUP 1
| #define HAVE_STRSTR 1
| #define HAVE_STRERROR 1
| #define HAVE_DRAND48 1
| #define HAVE_MEMCPY 1
| #define HAVE_MEMMOVE 1
| #define HAVE_POPEN 1
| #define HAVE_VSNPRINTF 1
| #define HAVE_LIBM 1
| #define HAVE_HYPOT 1
| #define HAVE_RINT 1
| #define HAVE_CBRT 1
| #define HAVE_LOG2 1
| #define HAVE_ASINH 1
| #define HAVE_ACOSH 1
| #define HAVE_ATANH 1
| #define HAVE_LGAMMA 1
| #define HAVE_LGAMMA_IN_MATH_H 1
| #define HAVE_ERF 1
| #define HAVE_ERFC 1
| #define HAVE_J0 1
| #define HAVE_J1 1
| #define HAVE_JN 1
| #define HAVE_Y0 1
| #define HAVE_Y1 1
| #define HAVE_YN 1
| #define HAVE_FINITE 1
| #define HAVE_XDR 1
| #define HAVE_DLOPEN 1
| #define HAVE_MOTIF 1
| #define HAVE_XPM 1
| #define HAVE_X11_XPM_H 1
| #define WITH_EDITRES 1
| /* end confdefs.h.  */
| 
| 
| int
| main ()
| {
| return main ();
|   ;
|   return 0;
| }
configure:7040: result: no
configure:7111: checking for f77
configure:7141: result: no
configure:7111: checking for fort77
configure:7141: result: no
configure:7111: checking for g77
configure:7141: result: no
configure:7111: checking for f90
configure:7141: result: no
configure:7111: checking for f95
configure:7141: result: no
configure:7336: creating ./config.status

## ---------------------- ##
## Running config.status. ##
## ---------------------- ##

This file was extended by config.status, which was
generated by GNU Autoconf 2.68.  Invocation command line was

  CONFIG_FILES    = 
  CONFIG_HEADERS  = 
  CONFIG_LINKS    = 
  CONFIG_COMMANDS = 
  $ ./config.status 

on Mikaels-MacBook-Air.local

config.status:897: creating Make.conf
config.status:897: creating config.h

## ---------------- ##
## Cache variables. ##
## ---------------- ##

ac_cv_build=x86_64-apple-darwin12.2.0
ac_cv_c_compiler_gnu=yes
ac_cv_c_const=yes
ac_cv_c_fpu_arithmetics_type='Little endian IEEE'
ac_cv_c_gcc_strength_bug=no
ac_cv_env_CC_set=
ac_cv_env_CC_value=
ac_cv_env_CFLAGS_set=
ac_cv_env_CFLAGS_value=
ac_cv_env_CPPFLAGS_set=set
ac_cv_env_CPPFLAGS_value=-I/opt/local/include/
ac_cv_env_CPP_set=
ac_cv_env_CPP_value=
ac_cv_env_LDFLAGS_set=set
ac_cv_env_LDFLAGS_value=-L/opt/local/lib
ac_cv_env_LIBS_set=
ac_cv_env_LIBS_value=
ac_cv_env_XMKMF_set=
ac_cv_env_XMKMF_value=
ac_cv_env_YACC_set=
ac_cv_env_YACC_value=
ac_cv_env_YFLAGS_set=
ac_cv_env_YFLAGS_value=
ac_cv_env_build_alias_set=
ac_cv_env_build_alias_value=
ac_cv_env_host_alias_set=
ac_cv_env_host_alias_value=
ac_cv_env_target_alias_set=
ac_cv_env_target_alias_value=
ac_cv_func_alloca_works=yes
ac_cv_func_connect=yes
ac_cv_func_dlopen=yes
ac_cv_func_drand48=yes
ac_cv_func_fork=yes
ac_cv_func_fork_works=yes
ac_cv_func_getcwd=yes
ac_cv_func_gethostbyname=yes
ac_cv_func_gethostname=yes
ac_cv_func_memcpy=yes
ac_cv_func_memmove=yes
ac_cv_func_mkfifo=yes
ac_cv_func_on_exit=no
ac_cv_func_popen=yes
ac_cv_func_remove=yes
ac_cv_func_shmat=yes
ac_cv_func_strdup=yes
ac_cv_func_strerror=yes
ac_cv_func_strstr=yes
ac_cv_func_vfork=yes
ac_cv_func_vfork_works=yes
ac_cv_func_vsnprintf=yes
ac_cv_func_xdrstdio_create=yes
ac_cv_have_x='have_x=yes	ac_x_includes='\'''\''	ac_x_libraries='\'''\'''
ac_cv_header_X11_xpm_h=yes
ac_cv_header_fcntl_h=yes
ac_cv_header_ieeefp_h=no
ac_cv_header_inttypes_h=yes
ac_cv_header_memory_h=yes
ac_cv_header_minix_config_h=no
ac_cv_header_stdc=yes
ac_cv_header_stdint_h=yes
ac_cv_header_stdlib_h=yes
ac_cv_header_string_h=yes
ac_cv_header_strings_h=yes
ac_cv_header_sys_stat_h=yes
ac_cv_header_sys_types_h=yes
ac_cv_header_sys_wait_h=yes
ac_cv_header_unistd_h=yes
ac_cv_header_vfork_h=no
ac_cv_header_xpm_h=no
ac_cv_host=x86_64-apple-darwin12.2.0
ac_cv_lgamma_in_math_h=yes
ac_cv_lib_ICE_IceConnectionNumber=yes
ac_cv_lib_Xbae_main=no
ac_cv_lib_Xm_main=yes
ac_cv_lib_Xmu__XEditResCheckMessages=yes
ac_cv_lib_Xp_main=yes
ac_cv_lib_Xpm_main=yes
ac_cv_lib_gen_main=no
ac_cv_lib_m_acosh=yes
ac_cv_lib_m_asinh=yes
ac_cv_lib_m_atanh=yes
ac_cv_lib_m_cbrt=yes
ac_cv_lib_m_erf=yes
ac_cv_lib_m_erfc=yes
ac_cv_lib_m_finite=yes
ac_cv_lib_m_hypot=yes
ac_cv_lib_m_j0=yes
ac_cv_lib_m_j1=yes
ac_cv_lib_m_jn=yes
ac_cv_lib_m_lgamma=yes
ac_cv_lib_m_log2=yes
ac_cv_lib_m_main=yes
ac_cv_lib_m_rint=yes
ac_cv_lib_m_y0=yes
ac_cv_lib_m_y1=yes
ac_cv_lib_m_yn=yes
ac_cv_lib_netcdf_main=no
ac_cv_objext=o
ac_cv_path_EGREP='/usr/bin/grep -E'
ac_cv_path_GREP=/usr/bin/grep
ac_cv_path_install='/opt/local/bin/ginstall -c'
ac_cv_prog_CPP='gcc -E'
ac_cv_prog_PRINT_CMD=''\''lpr'\'''
ac_cv_prog_YACC='bison -y'
ac_cv_prog_ac_ct_CC=gcc
ac_cv_prog_ac_ct_RANLIB=ranlib
ac_cv_prog_cc_c89=
ac_cv_prog_cc_g=yes
ac_cv_prog_make_make_set=yes
ac_cv_safe_to_define___extensions__=yes
ac_cv_search_strerror='none required'
ac_cv_struct_tm=time.h
ac_cv_type_pid_t=yes
ac_cv_type_signal=void
ac_cv_type_size_t=yes
ac_cv_working_alloca_h=yes

## ----------------- ##
## Output variables. ##
## ----------------- ##

ACEGR='xmgr'
ALLOCA=''
CC='gcc'
CFLAGS=' -g -O2 '
CPP='gcc -E'
CPPFLAGS='-I/opt/local/include/'
DEFS='-DHAVE_CONFIG_H'
DL_LIB=''
ECHO_C='\c'
ECHO_N=''
ECHO_T=''
EGREP='/usr/bin/grep -E'
EXEEXT=''
FC=''
FFTW_LIB=''
GREP='/usr/bin/grep'
GR_HOME='/usr/local/xmgr'
GUI_LIBS='-lXmu -lXm -lXp  -lXt -lXext -lX11  -lSM -lICE  -lXpm'
HELPVIEWER=''
INSTALL_DATA='${INSTALL} -m 644'
INSTALL_PROGRAM='${INSTALL}'
INSTALL_SCRIPT='${INSTALL}'
LDFLAGS='-L/opt/local/lib'
LIBOBJS=''
LIBS='-lXm -lXp  -lXt -lXext -lX11  -lSM -lICE  -lm '
LN_S='ln -s'
LTLIBOBJS=''
MKINSTALLDIRS='/Users/mikael/xmgr-resurrection/ac-tools/mkinstalldirs'
NETCDF_LIBS=''
NOGUI_LIBS='-lm '
OBJEXT='o'
PACKAGE_BUGREPORT=''
PACKAGE_NAME=''
PACKAGE_STRING=''
PACKAGE_TARNAME=''
PACKAGE_URL=''
PACKAGE_VERSION=''
PATH_SEPARATOR=':'
PRINT_CMD=''\''lpr'\'''
RANLIB='ranlib'
SET_MAKE=''
SHELL='/bin/sh'
SUBDIRS='cephes src acegr_np grconvert doc examples auxiliary'
XDR_LIB=''
XMKMF=''
X_CFLAGS=''
X_EXTRA_LIBS=''
X_LIBS=''
X_PRE_LIBS=' -lSM -lICE'
YACC='bison -y'
YFLAGS=''
ac_ct_CC='gcc'
bindir='${exec_prefix}/bin'
build='x86_64-apple-darwin12.2.0'
build_alias=''
build_cpu='x86_64'
build_os='darwin12.2.0'
build_vendor='apple'
datadir='${datarootdir}'
datarootdir='${prefix}/share'
docdir='${datarootdir}/doc/${PACKAGE}'
dvidir='${docdir}'
exec_prefix='${prefix}'
host='x86_64-apple-darwin12.2.0'
host_alias=''
host_cpu='x86_64'
host_os='darwin12.2.0'
host_vendor='apple'
htmldir='${docdir}'
includedir='${prefix}/include'
infodir='${datarootdir}/info'
libdir='${exec_prefix}/lib'
libexecdir='${exec_prefix}/libexec'
localedir='${datarootdir}/locale'
localstatedir='${prefix}/var'
mandir='${datarootdir}/man'
oldincludedir='/usr/include'
pdfdir='${docdir}'
prefix='/usr/local'
program_transform_name='s,x,x,'
psdir='${docdir}'
sbindir='${exec_prefix}/sbin'
sharedstatedir='${prefix}/com'
sysconfdir='${prefix}/etc'
target_alias=''

## ----------- ##
## confdefs.h. ##
## ----------- ##

/* confdefs.h */
#define PACKAGE_NAME ""
#define PACKAGE_TARNAME ""
#define PACKAGE_VERSION ""
#define PACKAGE_STRING ""
#define PACKAGE_BUGREPORT ""
#define PACKAGE_URL ""
#define STDC_HEADERS 1
#define HAVE_SYS_TYPES_H 1
#define HAVE_SYS_STAT_H 1
#define HAVE_STDLIB_H 1
#define HAVE_STRING_H 1
#define HAVE_MEMORY_H 1
#define HAVE_STRINGS_H 1
#define HAVE_INTTYPES_H 1
#define HAVE_STDINT_H 1
#define HAVE_UNISTD_H 1
#define __EXTENSIONS__ 1
#define _ALL_SOURCE 1
#define _GNU_SOURCE 1
#define _POSIX_PTHREAD_SEMANTICS 1
#define _TANDEM_SOURCE 1
#define HAVE_LIEEE_FPU 1
#define STDC_HEADERS 1
#define HAVE_SYS_WAIT_H 1
#define HAVE_FCNTL_H 1
#define HAVE_UNISTD_H 1
#define RETSIGTYPE void
#define HAVE_FORK 1
#define HAVE_VFORK 1
#define HAVE_WORKING_VFORK 1
#define HAVE_WORKING_FORK 1
#define HAVE_ALLOCA_H 1
#define HAVE_ALLOCA 1
#define HAVE_GETCWD 1
#define HAVE_GETHOSTNAME 1
#define HAVE_STRDUP 1
#define HAVE_STRSTR 1
#define HAVE_STRERROR 1
#define HAVE_DRAND48 1
#define HAVE_MEMCPY 1
#define HAVE_MEMMOVE 1
#define HAVE_POPEN 1
#define HAVE_VSNPRINTF 1
#define HAVE_LIBM 1
#define HAVE_HYPOT 1
#define HAVE_RINT 1
#define HAVE_CBRT 1
#define HAVE_LOG2 1
#define HAVE_ASINH 1
#define HAVE_ACOSH 1
#define HAVE_ATANH 1
#define HAVE_LGAMMA 1
#define HAVE_LGAMMA_IN_MATH_H 1
#define HAVE_ERF 1
#define HAVE_ERFC 1
#define HAVE_J0 1
#define HAVE_J1 1
#define HAVE_JN 1
#define HAVE_Y0 1
#define HAVE_Y1 1
#define HAVE_YN 1
#define HAVE_FINITE 1
#define HAVE_XDR 1
#define HAVE_DLOPEN 1
#define HAVE_MOTIF 1
#define HAVE_XPM 1
#define HAVE_X11_XPM_H 1
#define WITH_EDITRES 1

configure: exit 0
